<?xml version="1.0" encoding="UTF-8"?>
<testng-results total="1" passed="0" failed="1" skipped="0">
  <reporter-output>
  </reporter-output>
  <suite started-at="2020-04-16T19:54:10Z" name="Amazon Test Suite" finished-at="2020-04-16T19:54:51Z" duration-ms="40946">
    <groups>
    </groups>
    <test started-at="2020-04-16T19:54:10Z" name="verify_AmazonOrderPlacement" finished-at="2020-04-16T19:54:51Z" duration-ms="40946">
      <class name="com.jawwy.modules.Amazon_App">
        <test-method is-config="true" signature="setUp(java.lang.String)[pri:0, instance:com.jawwy.modules.Amazon_App@131ef10]" started-at="2020-04-17T01:24:10Z" name="setUp" finished-at="2020-04-17T01:24:21Z" duration-ms="11486" status="PASS">
          <params>
            <param index="0">
              <value>
                <![CDATA[Android_Device]]>
              </value>
            </param>
          </params>
          <reporter-output>
          </reporter-output>
        </test-method> <!-- setUp -->
        <test-method signature="verify_AmazonOrderPlacement(java.lang.String)[pri:0, instance:com.jawwy.modules.Amazon_App@131ef10]" started-at="2020-04-17T01:24:21Z" name="verify_AmazonOrderPlacement" finished-at="2020-04-17T01:24:49Z" duration-ms="27992" status="FAIL">
          <params>
            <param index="0">
              <value>
                <![CDATA[verify_AmazonOrderPlacement]]>
              </value>
            </param>
          </params>
          <exception class="java.lang.AssertionError">
            <full-stacktrace>
              <![CDATA[java.lang.AssertionError
	at org.junit.Assert.fail(Assert.java:86)
	at org.junit.Assert.assertTrue(Assert.java:41)
	at org.junit.Assert.assertTrue(Assert.java:52)
	at com.jawwy.modules.Amazon_App.verify_AmazonOrderPlacement(Amazon_App.java:178)
	at java.base/jdk.internal.reflect.NativeMethodAccessorImpl.invoke0(Native Method)
	at java.base/jdk.internal.reflect.NativeMethodAccessorImpl.invoke(NativeMethodAccessorImpl.java:62)
	at java.base/jdk.internal.reflect.DelegatingMethodAccessorImpl.invoke(DelegatingMethodAccessorImpl.java:43)
	at java.base/java.lang.reflect.Method.invoke(Method.java:566)
	at org.testng.internal.MethodInvocationHelper.invokeMethod(MethodInvocationHelper.java:80)
	at org.testng.internal.Invoker.invokeMethod(Invoker.java:715)
	at org.testng.internal.Invoker.invokeTestMethod(Invoker.java:907)
	at org.testng.internal.Invoker.invokeTestMethods(Invoker.java:1237)
	at org.testng.internal.TestMethodWorker.invokeTestMethods(TestMethodWorker.java:127)
	at org.testng.internal.TestMethodWorker.run(TestMethodWorker.java:111)
	at org.testng.TestRunner.privateRun(TestRunner.java:767)
	at org.testng.TestRunner.run(TestRunner.java:617)
	at org.testng.SuiteRunner.runTest(SuiteRunner.java:334)
	at org.testng.SuiteRunner.runSequentially(SuiteRunner.java:329)
	at org.testng.SuiteRunner.privateRun(SuiteRunner.java:291)
	at org.testng.SuiteRunner.run(SuiteRunner.java:240)
	at org.testng.SuiteRunnerWorker.runSuite(SuiteRunnerWorker.java:51)
	at org.testng.SuiteRunnerWorker.run(SuiteRunnerWorker.java:85)
	at org.testng.TestNG.runSuitesSequentially(TestNG.java:1197)
	at org.testng.TestNG.runSuitesLocally(TestNG.java:1122)
	at org.testng.TestNG.run(TestNG.java:1030)
	at org.testng.remote.AbstractRemoteTestNG.run(AbstractRemoteTestNG.java:132)
	at org.testng.remote.RemoteTestNG.initAndRun(RemoteTestNG.java:230)
	at org.testng.remote.RemoteTestNG.main(RemoteTestNG.java:76)
]]>
            </full-stacktrace>
          </exception> <!-- java.lang.AssertionError -->
          <reporter-output>
          </reporter-output>
        </test-method> <!-- verify_AmazonOrderPlacement -->
        <test-method is-config="true" signature="tearDown()[pri:0, instance:com.jawwy.modules.Amazon_App@131ef10]" started-at="2020-04-17T01:24:49Z" name="tearDown" finished-at="2020-04-17T01:24:51Z" duration-ms="1446" status="PASS">
          <reporter-output>
          </reporter-output>
        </test-method> <!-- tearDown -->
      </class> <!-- com.jawwy.modules.Amazon_App -->
    </test> <!-- verify_AmazonOrderPlacement -->
  </suite> <!-- Amazon Test Suite -->
</testng-results>
