<?xml version="1.0" encoding="UTF-8"?>
<!-- Generated by org.testng.reporters.JUnitXMLReporter -->
<testsuite hostname="DESKTOP-J9L9AA4" failures="1" tests="1" name="verify_AmazonOrderPlacement" time="40.946" errors="0" timestamp="16 Apr 2020 19:54:51 GMT">
  <testcase classname="com.jawwy.modules.Amazon_App" name="verify_AmazonOrderPlacement" time="27.992">
    <failure type="java.lang.AssertionError">
      <![CDATA[java.lang.AssertionError
	at org.junit.Assert.fail(Assert.java:86)
	at org.junit.Assert.assertTrue(Assert.java:41)
	at org.junit.Assert.assertTrue(Assert.java:52)
	at com.jawwy.modules.Amazon_App.verify_AmazonOrderPlacement(Amazon_App.java:178)
... Removed 24 stack frames]]>
    </failure>
  </testcase> <!-- verify_AmazonOrderPlacement -->
</testsuite> <!-- verify_AmazonOrderPlacement -->
