<?xml version="1.0" encoding="UTF-8"?>
<!-- Generated by org.testng.reporters.JUnitXMLReporter -->
<testsuite hostname="SCPrWSAP22" ignored="0" name="verify_ViaArabiaOrderSearch2" tests="1" failures="1" timestamp="13 Mar 2019 12:34:55 GMT" time="150.807" errors="0">
  <testcase name="verify_ViaArabiaOrderSearch2" time="146.28" classname="com.jawwy.modules.Jawwy_Admin">
    <failure type="java.lang.AssertionError">
      <![CDATA[java.lang.AssertionError
at org.junit.Assert.fail(Assert.java:86)
at org.junit.Assert.assertTrue(Assert.java:41)
at org.junit.Assert.assertTrue(Assert.java:52)
at com.jawwy.modules.Jawwy_Admin.verify_ViaArabiaOrderSearch2(Jawwy_Admin.java:178)
... Removed 25 stack frames]]>
    </failure>
  </testcase> <!-- verify_ViaArabiaOrderSearch2 -->
</testsuite> <!-- verify_ViaArabiaOrderSearch2 -->
