<?xml version="1.0" encoding="UTF-8"?>
<!-- Generated by org.testng.reporters.JUnitXMLReporter -->
<testsuite hostname="SAPP-JW-Alfresco" ignored="11" name="verify_StandaryDelivery_PayEasyEnabled" tests="1" failures="1" timestamp="08 May 2019 17:44:10 GMT" time="150.389" errors="0">
  <testcase name="verify_StandaryDelivery_PayEasyEnabled" time="134.357" classname="com.jawwy.modules.Jawwy_Estore">
    <failure type="java.lang.AssertionError">
      <![CDATA[java.lang.AssertionError
at org.junit.Assert.fail(Assert.java:86)
at org.junit.Assert.assertTrue(Assert.java:41)
at org.junit.Assert.assertTrue(Assert.java:52)
at com.jawwy.modules.Jawwy_Estore.verify_StandaryDelivery_PayEasyEnabled(Jawwy_Estore.java:2076)
... Removed 25 stack frames]]>
    </failure>
  </testcase> <!-- verify_StandaryDelivery_PayEasyEnabled -->
  <testcase name="verify_ConfirmedOrderCancellation" time="0.0" classname="com.jawwy.modules.Jawwy_Estore">
    <ignored/>
  </testcase> <!-- verify_ConfirmedOrderCancellation -->
  <testcase name="verify_OrderTrackStatus" time="0.0" classname="com.jawwy.modules.Jawwy_Estore">
    <ignored/>
  </testcase> <!-- verify_OrderTrackStatus -->
  <testcase name="verify_StandaryDeliveryBundleOrderCreation" time="0.0" classname="com.jawwy.modules.Jawwy_Estore">
    <ignored/>
  </testcase> <!-- verify_StandaryDeliveryBundleOrderCreation -->
  <testcase name="verify_InitiateChatSupport_JawwyEstore" time="0.0" classname="com.jawwy.modules.Jawwy_Estore">
    <ignored/>
  </testcase> <!-- verify_InitiateChatSupport_JawwyEstore -->
  <testcase name="verify_StandaryDeliveryPhoneOrderCreation" time="0.0" classname="com.jawwy.modules.Jawwy_Estore">
    <ignored/>
  </testcase> <!-- verify_StandaryDeliveryPhoneOrderCreation -->
  <testcase name="verify_StandaryDeliveryDiscountBundleOrderCreation" time="0.0" classname="com.jawwy.modules.Jawwy_Estore">
    <ignored/>
  </testcase> <!-- verify_StandaryDeliveryDiscountBundleOrderCreation -->
  <testcase name="verify_StandaryDelivery_30SARSIM_MNPOrderCreation" time="0.0" classname="com.jawwy.modules.Jawwy_Estore">
    <ignored/>
  </testcase> <!-- verify_StandaryDelivery_30SARSIM_MNPOrderCreation -->
  <testcase name="verify_StandaryDelivery30SARSIMOrderCreation" time="0.0" classname="com.jawwy.modules.Jawwy_Estore">
    <ignored/>
  </testcase> <!-- verify_StandaryDelivery30SARSIMOrderCreation -->
  <testcase name="verify_ClickandCollect30SARSIMOrderCreation" time="0.0" classname="com.jawwy.modules.Jawwy_Estore">
    <ignored/>
  </testcase> <!-- verify_ClickandCollect30SARSIMOrderCreation -->
  <testcase name="verify_StandaryDelivery_PayEasyDisabled" time="0.0" classname="com.jawwy.modules.Jawwy_Estore">
    <ignored/>
  </testcase> <!-- verify_StandaryDelivery_PayEasyDisabled -->
  <testcase name="verify_StandaryDelivery30SARSIMDiscountOrderCreation" time="0.0" classname="com.jawwy.modules.Jawwy_Estore">
    <ignored/>
  </testcase> <!-- verify_StandaryDelivery30SARSIMDiscountOrderCreation -->
</testsuite> <!-- verify_StandaryDelivery_PayEasyEnabled -->
