<?xml version="1.0" encoding="UTF-8"?>
<!-- Generated by org.testng.reporters.JUnitXMLReporter -->
<testsuite hostname="DESKTOP-C4MUU9F" failures="1" tests="1" name="verify_ClickandCollect30SARSIMOrderCreation" time="115.187" errors="0" timestamp="25 May 2019 13:43:32 GMT">
  <testcase classname="com.jawwy.modules.Jawwy_Estore" name="@AfterTest tearDown" time="0.0">
    <failure type="java.lang.NullPointerException">
      <![CDATA[java.lang.NullPointerException
	at com.jawwy.util.DataBaseUtilities.databaseDisconnect(DataBaseUtilities.java:167)
	at com.jawwy.modules.Jawwy_Estore.tearDown(Jawwy_Estore.java:109)
... Removed 22 stack frames]]>
    </failure>
  </testcase> <!-- @AfterTest tearDown -->
  <testcase classname="com.jawwy.modules.Jawwy_Estore" name="verify_ClickandCollect30SARSIMOrderCreation" time="74.452">
    <failure type="java.lang.AssertionError">
      <![CDATA[java.lang.AssertionError
	at org.junit.Assert.fail(Assert.java:86)
	at org.junit.Assert.assertTrue(Assert.java:41)
	at org.junit.Assert.assertTrue(Assert.java:52)
	at com.jawwy.modules.Jawwy_Estore.verify_ClickandCollect30SARSIMOrderCreation(Jawwy_Estore.java:298)
... Removed 24 stack frames]]>
    </failure>
  </testcase> <!-- verify_ClickandCollect30SARSIMOrderCreation -->
</testsuite> <!-- verify_ClickandCollect30SARSIMOrderCreation -->
