<?xml version="1.0" encoding="UTF-8"?>
<!-- Generated by org.testng.reporters.JUnitXMLReporter -->
<testsuite hostname="SAPP-JW-Alfresco" ignored="2" name="verify_Notification_Details_OMS_StndOrder_ActiveConfirm" tests="1" failures="1" timestamp="10 May 2019 08:52:21 GMT" time="28.342" errors="0">
  <testcase name="verify_Notification_Details_ICCID_ActiveCheck" time="19.843" classname="com.jawwy.modules.Jawwy_OMS">
    <failure type="java.lang.AssertionError">
      <![CDATA[java.lang.AssertionError
at org.junit.Assert.fail(Assert.java:86)
at org.junit.Assert.assertTrue(Assert.java:41)
at org.junit.Assert.assertTrue(Assert.java:52)
at com.jawwy.modules.Jawwy_OMS.verify_Notification_Details_ICCID_ActiveCheck(Jawwy_OMS.java:351)
... Removed 25 stack frames]]>
    </failure>
  </testcase> <!-- verify_Notification_Details_ICCID_ActiveCheck -->
  <testcase name="verify_Notification_Details_ICCID" time="0.0" classname="com.jawwy.modules.Jawwy_OMS">
    <ignored/>
  </testcase> <!-- verify_Notification_Details_ICCID -->
  <testcase name="verify_Notification_Details_OrderID" time="0.0" classname="com.jawwy.modules.Jawwy_OMS">
    <ignored/>
  </testcase> <!-- verify_Notification_Details_OrderID -->
</testsuite> <!-- verify_Notification_Details_OMS_StndOrder_ActiveConfirm -->
