<?xml version="1.0" encoding="UTF-8"?>
<!-- Generated by org.testng.reporters.JUnitXMLReporter -->
<testsuite hostname="SCPrWSAP22" ignored="1" name="verify_NewDealerCreation" tests="1" failures="1" timestamp="29 Mar 2019 09:27:32 GMT" time="40.648" errors="0">
  <testcase name="verify_NewDealerCreation" time="32.149" classname="com.jawwy.modules.Jawwy_ADM_Portal">
    <failure type="java.lang.AssertionError">
      <![CDATA[java.lang.AssertionError
at org.junit.Assert.fail(Assert.java:86)
at org.junit.Assert.assertTrue(Assert.java:41)
at org.junit.Assert.assertTrue(Assert.java:52)
at com.jawwy.modules.Jawwy_ADM_Portal.verify_NewDealerCreation(Jawwy_ADM_Portal.java:293)
... Removed 25 stack frames]]>
    </failure>
  </testcase> <!-- verify_NewDealerCreation -->
  <testcase name="verify_NewLocationCreation" time="0.0" classname="com.jawwy.modules.Jawwy_ADM_Portal">
    <ignored/>
  </testcase> <!-- verify_NewLocationCreation -->
</testsuite> <!-- verify_NewDealerCreation -->
